{
  "Cucumber Features": {
    "coverage": {
      "/Users/baileybauman/Documents/CSCE 431/hw_3/bdd-tdd-cycle-master/rottenpotatoes/app/controllers/application_controller.rb": [
        1,
        1,
        null
      ],
      "/Users/baileybauman/Documents/CSCE 431/hw_3/bdd-tdd-cycle-master/rottenpotatoes/app/helpers/application_helper.rb": [
        1,
        null
      ],
      "/Users/baileybauman/Documents/CSCE 431/hw_3/bdd-tdd-cycle-master/rottenpotatoes/app/helpers/movies_helper.rb": [
        1,
        null,
        1,
        0,
        null,
        null
      ],
      "/Users/baileybauman/Documents/CSCE 431/hw_3/bdd-tdd-cycle-master/rottenpotatoes/app/controllers/movies_controller.rb": [
        1,
        null,
        1,
        4,
        4,
        null,
        null,
        null,
        1,
        11,
        11,
        null,
        3,
        null,
        0,
        null,
        11,
        11,
        null,
        11,
        36,
        null,
        null,
        11,
        1,
        1,
        1,
        null,
        null,
        10,
        2,
        2,
        2,
        2,
        null,
        8,
        null,
        null,
        1,
        null,
        null,
        null,
        1,
        1,
        1,
        1,
        null,
        null,
        1,
        1,
        null,
        null,
        1,
        1,
        1,
        1,
        1,
        null,
        null,
        1,
        1,
        1,
        1,
        1,
        null,
        1,
        2,
        null,
        2,
        1,
        1,
        null,
        1,
        null,
        null,
        null
      ],
      "/Users/baileybauman/Documents/CSCE 431/hw_3/bdd-tdd-cycle-master/rottenpotatoes/app/models/movie.rb": [
        1,
        null,
        1,
        null,
        1,
        11,
        null,
        1,
        1,
        null,
        null,
        null
      ]
    },
    "timestamp": 1458407997
  },
  "RSpec": {
    "coverage": {
      "/Users/baileybauman/Documents/CSCE 431/hw_3/bdd-tdd-cycle/rottenpotatoes/app/controllers/application_controller.rb": [
        1,
        1,
        null
      ],
      "/Users/baileybauman/Documents/CSCE 431/hw_3/bdd-tdd-cycle/rottenpotatoes/app/helpers/application_helper.rb": [
        1,
        null
      ],
      "/Users/baileybauman/Documents/CSCE 431/hw_3/bdd-tdd-cycle/rottenpotatoes/app/helpers/movies_helper.rb": [
        1,
        null,
        1,
        0,
        null,
        null
      ],
      "/Users/baileybauman/Documents/CSCE 431/hw_3/bdd-tdd-cycle/rottenpotatoes/app/controllers/movies_controller.rb": [
        1,
        null,
        1,
        1,
        1,
        null,
        null,
        null,
        1,
        4,
        4,
        null,
        1,
        null,
        1,
        null,
        4,
        4,
        null,
        4,
        18,
        null,
        null,
        4,
        2,
        2,
        2,
        null,
        null,
        2,
        1,
        1,
        1,
        1,
        null,
        1,
        null,
        null,
        1,
        null,
        null,
        null,
        1,
        1,
        1,
        1,
        null,
        null,
        1,
        1,
        null,
        null,
        1,
        1,
        1,
        1,
        1,
        null,
        null,
        1,
        1,
        1,
        1,
        1,
        null,
        1,
        1,
        null,
        1,
        1,
        1,
        null,
        0,
        null,
        null,
        null
      ],
      "/Users/baileybauman/Documents/CSCE 431/hw_3/bdd-tdd-cycle/rottenpotatoes/app/models/movie.rb": [
        1,
        null,
        1,
        null,
        1,
        5,
        null,
        1,
        1,
        null,
        null,
        null
      ]
    },
    "timestamp": 1458402591
  }
}
